
=== Sun Jul  7 21:50:45 2024

Packages were changed.
Update Mode: mergeDefaultDependencies

The following packages were updated:
  com.unity.render-pipelines.universal from version 14.0.7 to 14.0.11
  com.unity.visualscripting from version 1.9.1 to 1.9.4
  com.unity.xr.arcore from version 5.1.1 to 5.1.4
  com.unity.xr.arfoundation from version 5.1.1 to 5.1.4
  com.unity.xr.arkit from version 5.1.1 to 5.1.4
  com.unity.xr.interaction.toolkit from version 2.5.2 to 2.5.4

=== Sun Jul  7 21:58:23 2024

Packages were changed.
Update Mode: updateDependencies

The following packages were updated:
  com.unity.collab-proxy from version 1.3.9 to 2.3.1
  com.unity.ide.rider from version 2.0.7 to 3.0.28
  com.unity.ide.visualstudio from version 2.0.7 to 2.0.22
  com.unity.ide.vscode from version 1.2.3 to 1.2.5
  com.unity.test-framework from version 1.1.24 to 1.1.33
  com.unity.timeline from version 1.4.7 to 1.7.6
  com.unity.xr.arcore from version 4.0.12 to 5.1.4
  com.unity.xr.arfoundation from version 4.0.12 to 5.1.4
  com.unity.xr.arkit from version 4.0.12 to 5.1.4

=== Sun Jul  7 21:58:23 2024

Packages were changed.
Update Mode: mergeDefaultDependencies

The following packages were added:
  com.unity.collab-proxy@2.3.1
  com.unity.ide.rider@3.0.28
